<!DOCTYPE html PUBLIC "-//W3C//DTD XHTML 1.1//EN" "http://www.w3.org/TR/xhtml11/DTD/xhtml11.dtd">
<html xmlns="http://www.w3.org/1999/xhtml"><head><title>TestNG Report</title><style type="text/css">table {margin-bottom:10px;border-collapse:collapse;empty-cells:show}th,td {border:1px solid #009;padding:.25em .5em}th {vertical-align:bottom}td {vertical-align:top}table a {font-weight:bold}.stripe td {background-color: #E6EBF9}.num {text-align:right}.passedodd td {background-color: #3F3}.passedeven td {background-color: #0A0}.skippedodd td {background-color: #DDD}.skippedeven td {background-color: #CCC}.failedodd td,.attn {background-color: #F33}.failedeven td,.stripe .attn {background-color: #D00}.stacktrace {white-space:pre;font-family:monospace}.totop {font-size:85%;text-align:center;border-bottom:2px solid #000}</style></head><body><table><tr><th>Test</th><th># Passed</th><th># Skipped</th><th># Failed</th><th>Time (ms)</th><th>Included Groups</th><th>Excluded Groups</th></tr><tr><th colspan="7">YP_Automation</th></tr><tr><td><a href="#t0">YP_Automation</a></td><td class="num">0</td><td class="num">0</td><td class="num attn">7</td><td class="num">118,165</td><td></td><td></td></tr></table><table><thead><tr><th>Class</th><th>Method</th><th>Start</th><th>Time (ms)</th></tr></thead><tbody><tr><th colspan="4">YP_Automation</th></tr></tbody><tbody id="t0"><tr><th colspan="4">YP_Automation &#8212; failed</th></tr><tr class="failedeven"><td rowspan="7">com.yp.testscripts.YapyzalTestSuite</td><td><a href="#m0">Deal</a></td><td rowspan="1">1459414874135</td><td rowspan="1">10051</td></tr><tr class="failedeven"><td><a href="#m1">DonateDynamic</a></td><td rowspan="1">1459414887235</td><td rowspan="1">14030</td></tr><tr class="failedeven"><td><a href="#m2">DonateStatic</a></td><td rowspan="1">1459414904312</td><td rowspan="1">17027</td></tr><tr class="failedeven"><td><a href="#m3">Login</a></td><td rowspan="1">1459414861916</td><td rowspan="1">9141</td></tr><tr class="failedeven"><td><a href="#m4">fbdeal</a></td><td rowspan="1">1459414932420</td><td rowspan="1">8021</td></tr><tr class="failedeven"><td><a href="#m5">fbdonate</a></td><td rowspan="1">1459414943475</td><td rowspan="1">7024</td></tr><tr class="failedeven"><td><a href="#m6">fblogin</a></td><td rowspan="1">1459414924373</td><td rowspan="1">5013</td></tr></tbody></table><h2>YP_Automation</h2><h3 id="m0">com.yp.testscripts.YapyzalTestSuite#Deal</h3><table class="result"><tr class="param"><th>Parameter #1</th></tr><tr class="param stripe"><td>com.yp.datainitialization.DataInt@35f26e72</td></tr><tr><th>Exception</th></tr><tr><td><div class="stacktrace">junit.framework.AssertionFailedError: org.openqa.selenium.WebDriverException: chrome not reachable
  (Session info: chrome=49.0.2623.110)
  (Driver info: chromedriver=2.21.371459 (36d3d07f660ff2bc1bf28a75d1cdabed0983e7c4),platform=Windows NT 10.0 x86_64) (WARNING: The server did not provide any stacktrace information)
Command duration or timeout: 2.01 seconds
Build info: version: &apos;2.45.0&apos;, revision: &apos;5017cb8e7ca8e37638dc3091b2440b90a1d8686f&apos;, time: &apos;2015-02-27 09:10:26&apos;
System info: host: &apos;DESKTOP-3JIP3OF&apos;, ip: &apos;192.168.10.34&apos;, os.name: &apos;Windows 10&apos;, os.arch: &apos;amd64&apos;, os.version: &apos;10.0&apos;, java.version: &apos;1.8.0_65&apos;
Driver info: org.openqa.selenium.chrome.ChromeDriver
Capabilities [{applicationCacheEnabled=false, rotatable=false, mobileEmulationEnabled=false, chrome={chromedriverVersion=2.21.371459 (36d3d07f660ff2bc1bf28a75d1cdabed0983e7c4), userDataDir=C:\Users\MANIKA~1\AppData\Local\Temp\scoped_dir5060_6370}, takesHeapSnapshot=true, databaseEnabled=false, handlesAlerts=true, hasTouchScreen=false, version=49.0.2623.110, platform=XP, browserConnectionEnabled=false, nativeEvents=true, acceptSslCerts=true, locationContextEnabled=true, webStorageEnabled=true, browserName=chrome, takesScreenshot=true, javascriptEnabled=true, cssSelectorsEnabled=true}]
Session ID: 337c2aac94fa8afdbf43745797e5df9a
*** Element info: {Using=xpath, value=/html/body/div[6]/div/div/ul/li}
	at junit.framework.Assert.fail(Assert.java:50)
	at com.yp.pagefactory.CreateaNewDeal.FBPOST(CreateaNewDeal.java:232)
	at com.yp.testscripts.YapyzalTestSuite.Deal(YapyzalTestSuite.java:45)
... Removed 27 stack frames</div></td></tr></table><p class="totop"><a href="#summary">back to summary</a></p><h3 id="m1">com.yp.testscripts.YapyzalTestSuite#DonateDynamic</h3><table class="result"><tr class="param"><th>Parameter #1</th></tr><tr class="param stripe"><td>com.yp.datainitialization.DataInt@67304a40</td></tr><tr><th>Exception</th></tr><tr><td><div class="stacktrace">junit.framework.AssertionFailedError: org.openqa.selenium.WebDriverException: chrome not reachable
  (Session info: chrome=49.0.2623.110)
  (Driver info: chromedriver=2.21.371459 (36d3d07f660ff2bc1bf28a75d1cdabed0983e7c4),platform=Windows NT 10.0 x86_64) (WARNING: The server did not provide any stacktrace information)
Command duration or timeout: 2.01 seconds
Build info: version: &apos;2.45.0&apos;, revision: &apos;5017cb8e7ca8e37638dc3091b2440b90a1d8686f&apos;, time: &apos;2015-02-27 09:10:26&apos;
System info: host: &apos;DESKTOP-3JIP3OF&apos;, ip: &apos;192.168.10.34&apos;, os.name: &apos;Windows 10&apos;, os.arch: &apos;amd64&apos;, os.version: &apos;10.0&apos;, java.version: &apos;1.8.0_65&apos;
Driver info: org.openqa.selenium.chrome.ChromeDriver
Capabilities [{applicationCacheEnabled=false, rotatable=false, mobileEmulationEnabled=false, chrome={chromedriverVersion=2.21.371459 (36d3d07f660ff2bc1bf28a75d1cdabed0983e7c4), userDataDir=C:\Users\MANIKA~1\AppData\Local\Temp\scoped_dir5060_6370}, takesHeapSnapshot=true, databaseEnabled=false, handlesAlerts=true, hasTouchScreen=false, version=49.0.2623.110, platform=XP, browserConnectionEnabled=false, nativeEvents=true, acceptSslCerts=true, locationContextEnabled=true, webStorageEnabled=true, browserName=chrome, takesScreenshot=true, javascriptEnabled=true, cssSelectorsEnabled=true}]
Session ID: 337c2aac94fa8afdbf43745797e5df9a
*** Element info: {Using=xpath, value=//div[6]/div/div/ul/li}
	at junit.framework.Assert.fail(Assert.java:50)
	at com.yp.pagefactory.RequestDynamicDonation.requesttodonatedynamic(RequestDynamicDonation.java:141)
	at com.yp.testscripts.YapyzalTestSuite.DonateDynamic(YapyzalTestSuite.java:54)
... Removed 27 stack frames</div></td></tr></table><p class="totop"><a href="#summary">back to summary</a></p><h3 id="m2">com.yp.testscripts.YapyzalTestSuite#DonateStatic</h3><table class="result"><tr class="param"><th>Parameter #1</th></tr><tr class="param stripe"><td>com.yp.datainitialization.DataInt@6fe1b4fb</td></tr><tr><th>Exception</th></tr><tr><td><div class="stacktrace">junit.framework.AssertionFailedError: org.openqa.selenium.WebDriverException: chrome not reachable
  (Session info: chrome=49.0.2623.110)
  (Driver info: chromedriver=2.21.371459 (36d3d07f660ff2bc1bf28a75d1cdabed0983e7c4),platform=Windows NT 10.0 x86_64) (WARNING: The server did not provide any stacktrace information)
Command duration or timeout: 2.01 seconds
Build info: version: &apos;2.45.0&apos;, revision: &apos;5017cb8e7ca8e37638dc3091b2440b90a1d8686f&apos;, time: &apos;2015-02-27 09:10:26&apos;
System info: host: &apos;DESKTOP-3JIP3OF&apos;, ip: &apos;192.168.10.34&apos;, os.name: &apos;Windows 10&apos;, os.arch: &apos;amd64&apos;, os.version: &apos;10.0&apos;, java.version: &apos;1.8.0_65&apos;
Driver info: org.openqa.selenium.chrome.ChromeDriver
Capabilities [{applicationCacheEnabled=false, rotatable=false, mobileEmulationEnabled=false, chrome={chromedriverVersion=2.21.371459 (36d3d07f660ff2bc1bf28a75d1cdabed0983e7c4), userDataDir=C:\Users\MANIKA~1\AppData\Local\Temp\scoped_dir5060_6370}, takesHeapSnapshot=true, databaseEnabled=false, handlesAlerts=true, hasTouchScreen=false, version=49.0.2623.110, platform=XP, browserConnectionEnabled=false, nativeEvents=true, acceptSslCerts=true, locationContextEnabled=true, webStorageEnabled=true, browserName=chrome, takesScreenshot=true, javascriptEnabled=true, cssSelectorsEnabled=true}]
Session ID: 337c2aac94fa8afdbf43745797e5df9a
*** Element info: {Using=xpath, value=//div[6]/div/div/ul/li}
	at junit.framework.Assert.fail(Assert.java:50)
	at com.yp.pagefactory.RequestDynamicDonation.requesttodonatedynamic(RequestDynamicDonation.java:141)
	at com.yp.pagefactory.RequestStaticDonation.requeststaticdonate(RequestStaticDonation.java:32)
	at com.yp.testscripts.YapyzalTestSuite.DonateStatic(YapyzalTestSuite.java:63)
... Removed 27 stack frames</div></td></tr></table><p class="totop"><a href="#summary">back to summary</a></p><h3 id="m3">com.yp.testscripts.YapyzalTestSuite#Login</h3><table class="result"><tr class="param"><th>Parameter #1</th></tr><tr class="param stripe"><td>com.yp.datainitialization.DataInt@1c32386d</td></tr><tr><th>Exception</th></tr><tr><td><div class="stacktrace">junit.framework.AssertionFailedError: org.openqa.selenium.WebDriverException: chrome not reachable
  (Session info: chrome=49.0.2623.110)
  (Driver info: chromedriver=2.21.371459 (36d3d07f660ff2bc1bf28a75d1cdabed0983e7c4),platform=Windows NT 10.0 x86_64) (WARNING: The server did not provide any stacktrace information)
Command duration or timeout: 2.01 seconds
Build info: version: &apos;2.45.0&apos;, revision: &apos;5017cb8e7ca8e37638dc3091b2440b90a1d8686f&apos;, time: &apos;2015-02-27 09:10:26&apos;
System info: host: &apos;DESKTOP-3JIP3OF&apos;, ip: &apos;192.168.10.34&apos;, os.name: &apos;Windows 10&apos;, os.arch: &apos;amd64&apos;, os.version: &apos;10.0&apos;, java.version: &apos;1.8.0_65&apos;
Driver info: org.openqa.selenium.chrome.ChromeDriver
Capabilities [{applicationCacheEnabled=false, rotatable=false, mobileEmulationEnabled=false, chrome={chromedriverVersion=2.21.371459 (36d3d07f660ff2bc1bf28a75d1cdabed0983e7c4), userDataDir=C:\Users\MANIKA~1\AppData\Local\Temp\scoped_dir5060_6370}, takesHeapSnapshot=true, databaseEnabled=false, handlesAlerts=true, hasTouchScreen=false, version=49.0.2623.110, platform=XP, browserConnectionEnabled=false, nativeEvents=true, acceptSslCerts=true, locationContextEnabled=true, webStorageEnabled=true, browserName=chrome, takesScreenshot=true, javascriptEnabled=true, cssSelectorsEnabled=true}]
Session ID: 337c2aac94fa8afdbf43745797e5df9a
*** Element info: {Using=xpath, value=/html/body/header/nav/div/div[2]/ul/li[5]/a}
	at junit.framework.Assert.fail(Assert.java:50)
	at com.yp.pagefactory.Login.accountlogin(Login.java:53)
	at com.yp.testscripts.YapyzalTestSuite.Login(YapyzalTestSuite.java:37)
... Removed 27 stack frames</div></td></tr></table><p class="totop"><a href="#summary">back to summary</a></p><h3 id="m4">com.yp.testscripts.YapyzalTestSuite#fbdeal</h3><table class="result"><tr class="param"><th>Parameter #1</th></tr><tr class="param stripe"><td>com.yp.datainitialization.DataInt@13d73fa</td></tr><tr><th>Exception</th></tr><tr><td><div class="stacktrace">junit.framework.AssertionFailedError: org.openqa.selenium.WebDriverException: chrome not reachable
  (Session info: chrome=49.0.2623.110)
  (Driver info: chromedriver=2.21.371459 (36d3d07f660ff2bc1bf28a75d1cdabed0983e7c4),platform=Windows NT 10.0 x86_64) (WARNING: The server did not provide any stacktrace information)
Command duration or timeout: 2.01 seconds
Build info: version: &apos;2.45.0&apos;, revision: &apos;5017cb8e7ca8e37638dc3091b2440b90a1d8686f&apos;, time: &apos;2015-02-27 09:10:26&apos;
System info: host: &apos;DESKTOP-3JIP3OF&apos;, ip: &apos;192.168.10.34&apos;, os.name: &apos;Windows 10&apos;, os.arch: &apos;amd64&apos;, os.version: &apos;10.0&apos;, java.version: &apos;1.8.0_65&apos;
Driver info: org.openqa.selenium.chrome.ChromeDriver
Capabilities [{applicationCacheEnabled=false, rotatable=false, mobileEmulationEnabled=false, chrome={chromedriverVersion=2.21.371459 (36d3d07f660ff2bc1bf28a75d1cdabed0983e7c4), userDataDir=C:\Users\MANIKA~1\AppData\Local\Temp\scoped_dir5060_6370}, takesHeapSnapshot=true, databaseEnabled=false, handlesAlerts=true, hasTouchScreen=false, version=49.0.2623.110, platform=XP, browserConnectionEnabled=false, nativeEvents=true, acceptSslCerts=true, locationContextEnabled=true, webStorageEnabled=true, browserName=chrome, takesScreenshot=true, javascriptEnabled=true, cssSelectorsEnabled=true}]
Session ID: 337c2aac94fa8afdbf43745797e5df9a
*** Element info: {Using=xpath, value=/html/body/div[1]/div[2]/div[1]/div/div[2]/div[1]/div/div/div/div/div[2]/ul/li[4]/a/div/span}
	at junit.framework.Assert.fail(Assert.java:50)
	at com.yp.pagefactory.FacebookCheckoutDeal.facebookdeal(FacebookCheckoutDeal.java:128)
	at com.yp.testscripts.YapyzalTestSuite.fbdeal(YapyzalTestSuite.java:78)
... Removed 27 stack frames</div></td></tr></table><p class="totop"><a href="#summary">back to summary</a></p><h3 id="m5">com.yp.testscripts.YapyzalTestSuite#fbdonate</h3><table class="result"><tr class="param"><th>Parameter #1</th></tr><tr class="param stripe"><td>com.yp.datainitialization.DataInt@5d5f10b2</td></tr><tr><th>Exception</th></tr><tr><td><div class="stacktrace">junit.framework.AssertionFailedError: org.openqa.selenium.WebDriverException: chrome not reachable
  (Session info: chrome=49.0.2623.110)
  (Driver info: chromedriver=2.21.371459 (36d3d07f660ff2bc1bf28a75d1cdabed0983e7c4),platform=Windows NT 10.0 x86_64) (WARNING: The server did not provide any stacktrace information)
Command duration or timeout: 2.01 seconds
Build info: version: &apos;2.45.0&apos;, revision: &apos;5017cb8e7ca8e37638dc3091b2440b90a1d8686f&apos;, time: &apos;2015-02-27 09:10:26&apos;
System info: host: &apos;DESKTOP-3JIP3OF&apos;, ip: &apos;192.168.10.34&apos;, os.name: &apos;Windows 10&apos;, os.arch: &apos;amd64&apos;, os.version: &apos;10.0&apos;, java.version: &apos;1.8.0_65&apos;
Driver info: org.openqa.selenium.chrome.ChromeDriver
Capabilities [{applicationCacheEnabled=false, rotatable=false, mobileEmulationEnabled=false, chrome={chromedriverVersion=2.21.371459 (36d3d07f660ff2bc1bf28a75d1cdabed0983e7c4), userDataDir=C:\Users\MANIKA~1\AppData\Local\Temp\scoped_dir5060_6370}, takesHeapSnapshot=true, databaseEnabled=false, handlesAlerts=true, hasTouchScreen=false, version=49.0.2623.110, platform=XP, browserConnectionEnabled=false, nativeEvents=true, acceptSslCerts=true, locationContextEnabled=true, webStorageEnabled=true, browserName=chrome, takesScreenshot=true, javascriptEnabled=true, cssSelectorsEnabled=true}]
Session ID: 337c2aac94fa8afdbf43745797e5df9a
*** Element info: {Using=xpath, value=//div[2]/div/a}
	at junit.framework.Assert.fail(Assert.java:50)
	at com.yp.pagefactory.FacebookCheckoutDonate.facebookdonate(FacebookCheckoutDonate.java:124)
	at com.yp.testscripts.YapyzalTestSuite.fbdonate(YapyzalTestSuite.java:86)
... Removed 27 stack frames</div></td></tr></table><p class="totop"><a href="#summary">back to summary</a></p><h3 id="m6">com.yp.testscripts.YapyzalTestSuite#fblogin</h3><table class="result"><tr class="param"><th>Parameter #1</th></tr><tr class="param stripe"><td>com.yp.datainitialization.DataInt@1e0f9063</td></tr><tr><th>Exception</th></tr><tr><td><div class="stacktrace">junit.framework.AssertionFailedError: org.openqa.selenium.WebDriverException: chrome not reachable
  (Session info: chrome=49.0.2623.110)
  (Driver info: chromedriver=2.21.371459 (36d3d07f660ff2bc1bf28a75d1cdabed0983e7c4),platform=Windows NT 10.0 x86_64) (WARNING: The server did not provide any stacktrace information)
Command duration or timeout: 2.01 seconds
Build info: version: &apos;2.45.0&apos;, revision: &apos;5017cb8e7ca8e37638dc3091b2440b90a1d8686f&apos;, time: &apos;2015-02-27 09:10:26&apos;
System info: host: &apos;DESKTOP-3JIP3OF&apos;, ip: &apos;192.168.10.34&apos;, os.name: &apos;Windows 10&apos;, os.arch: &apos;amd64&apos;, os.version: &apos;10.0&apos;, java.version: &apos;1.8.0_65&apos;
Driver info: org.openqa.selenium.chrome.ChromeDriver
Capabilities [{applicationCacheEnabled=false, rotatable=false, mobileEmulationEnabled=false, chrome={chromedriverVersion=2.21.371459 (36d3d07f660ff2bc1bf28a75d1cdabed0983e7c4), userDataDir=C:\Users\MANIKA~1\AppData\Local\Temp\scoped_dir5060_6370}, takesHeapSnapshot=true, databaseEnabled=false, handlesAlerts=true, hasTouchScreen=false, version=49.0.2623.110, platform=XP, browserConnectionEnabled=false, nativeEvents=true, acceptSslCerts=true, locationContextEnabled=true, webStorageEnabled=true, browserName=chrome, takesScreenshot=true, javascriptEnabled=true, cssSelectorsEnabled=true}]
Session ID: 337c2aac94fa8afdbf43745797e5df9a
	at junit.framework.Assert.fail(Assert.java:50)
	at com.yp.pagefactory.FbLogin.accountlogin(FbLogin.java:50)
	at com.yp.testscripts.YapyzalTestSuite.fblogin(YapyzalTestSuite.java:71)
... Removed 27 stack frames</div></td></tr></table><p class="totop"><a href="#summary">back to summary</a></p></body></html>